Performing C SOURCE FILE Test CMAKE_HAVE_LIBC_PTHREAD failed with the following output:
Change Dir: /home/zabala/Documents/Back-up/UNLU/11-Decimo-primer-Cuatrimestre/Recuperacion-de-informacion/Proyecto-final-RI/Repo-pisa-pibiri/PISA/build/CMakeFiles/CMakeTmp

Run Build Command(s):/usr/bin/make cmTC_9fb8f/fast && /usr/bin/make -f CMakeFiles/cmTC_9fb8f.dir/build.make CMakeFiles/cmTC_9fb8f.dir/build
make[1]: Entering directory '/home/zabala/Documents/Back-up/UNLU/11-Decimo-primer-Cuatrimestre/Recuperacion-de-informacion/Proyecto-final-RI/Repo-pisa-pibiri/PISA/build/CMakeFiles/CMakeTmp'
Building C object CMakeFiles/cmTC_9fb8f.dir/src.c.o
/usr/bin/cc   -DCMAKE_HAVE_LIBC_PTHREAD   -o CMakeFiles/cmTC_9fb8f.dir/src.c.o   -c /home/zabala/Documents/Back-up/UNLU/11-Decimo-primer-Cuatrimestre/Recuperacion-de-informacion/Proyecto-final-RI/Repo-pisa-pibiri/PISA/build/CMakeFiles/CMakeTmp/src.c
Linking C executable cmTC_9fb8f
/usr/bin/cmake -E cmake_link_script CMakeFiles/cmTC_9fb8f.dir/link.txt --verbose=1
/usr/bin/cc  -DCMAKE_HAVE_LIBC_PTHREAD    -rdynamic CMakeFiles/cmTC_9fb8f.dir/src.c.o  -o cmTC_9fb8f 
/usr/bin/ld: CMakeFiles/cmTC_9fb8f.dir/src.c.o: in function `main':
src.c:(.text+0x46): undefined reference to `pthread_create'
/usr/bin/ld: src.c:(.text+0x52): undefined reference to `pthread_detach'
/usr/bin/ld: src.c:(.text+0x63): undefined reference to `pthread_join'
collect2: error: ld returned 1 exit status
make[1]: *** [CMakeFiles/cmTC_9fb8f.dir/build.make:87: cmTC_9fb8f] Error 1
make[1]: Leaving directory '/home/zabala/Documents/Back-up/UNLU/11-Decimo-primer-Cuatrimestre/Recuperacion-de-informacion/Proyecto-final-RI/Repo-pisa-pibiri/PISA/build/CMakeFiles/CMakeTmp'
make: *** [Makefile:121: cmTC_9fb8f/fast] Error 2


Source file was:
#include <pthread.h>

void* test_func(void* data)
{
  return data;
}

int main(void)
{
  pthread_t thread;
  pthread_create(&thread, NULL, test_func, NULL);
  pthread_detach(thread);
  pthread_join(thread, NULL);
  pthread_atfork(NULL, NULL, NULL);
  pthread_exit(NULL);

  return 0;
}

Determining if the function pthread_create exists in the pthreads failed with the following output:
Change Dir: /home/zabala/Documents/Back-up/UNLU/11-Decimo-primer-Cuatrimestre/Recuperacion-de-informacion/Proyecto-final-RI/Repo-pisa-pibiri/PISA/build/CMakeFiles/CMakeTmp

Run Build Command(s):/usr/bin/make cmTC_2fbe8/fast && /usr/bin/make -f CMakeFiles/cmTC_2fbe8.dir/build.make CMakeFiles/cmTC_2fbe8.dir/build
make[1]: Entering directory '/home/zabala/Documents/Back-up/UNLU/11-Decimo-primer-Cuatrimestre/Recuperacion-de-informacion/Proyecto-final-RI/Repo-pisa-pibiri/PISA/build/CMakeFiles/CMakeTmp'
Building C object CMakeFiles/cmTC_2fbe8.dir/CheckFunctionExists.c.o
/usr/bin/cc   -DCHECK_FUNCTION_EXISTS=pthread_create   -o CMakeFiles/cmTC_2fbe8.dir/CheckFunctionExists.c.o   -c /usr/share/cmake-3.16/Modules/CheckFunctionExists.c
Linking C executable cmTC_2fbe8
/usr/bin/cmake -E cmake_link_script CMakeFiles/cmTC_2fbe8.dir/link.txt --verbose=1
/usr/bin/cc  -DCHECK_FUNCTION_EXISTS=pthread_create    -rdynamic CMakeFiles/cmTC_2fbe8.dir/CheckFunctionExists.c.o  -o cmTC_2fbe8  -lpthreads 
/usr/bin/ld: cannot find -lpthreads
collect2: error: ld returned 1 exit status
make[1]: *** [CMakeFiles/cmTC_2fbe8.dir/build.make:87: cmTC_2fbe8] Error 1
make[1]: Leaving directory '/home/zabala/Documents/Back-up/UNLU/11-Decimo-primer-Cuatrimestre/Recuperacion-de-informacion/Proyecto-final-RI/Repo-pisa-pibiri/PISA/build/CMakeFiles/CMakeTmp'
make: *** [Makefile:121: cmTC_2fbe8/fast] Error 2



Determining if the _WIN32 exist failed with the following output:
Change Dir: /home/zabala/Documents/Back-up/UNLU/11-Decimo-primer-Cuatrimestre/Recuperacion-de-informacion/Proyecto-final-RI/Repo-pisa-pibiri/PISA/build/CMakeFiles/CMakeTmp

Run Build Command(s):/usr/bin/make cmTC_134cd/fast && /usr/bin/make -f CMakeFiles/cmTC_134cd.dir/build.make CMakeFiles/cmTC_134cd.dir/build
make[1]: Entering directory '/home/zabala/Documents/Back-up/UNLU/11-Decimo-primer-Cuatrimestre/Recuperacion-de-informacion/Proyecto-final-RI/Repo-pisa-pibiri/PISA/build/CMakeFiles/CMakeTmp'
Building CXX object CMakeFiles/cmTC_134cd.dir/CheckSymbolExists.cxx.o
/usr/bin/c++    -fopenmp    -o CMakeFiles/cmTC_134cd.dir/CheckSymbolExists.cxx.o -c /home/zabala/Documents/Back-up/UNLU/11-Decimo-primer-Cuatrimestre/Recuperacion-de-informacion/Proyecto-final-RI/Repo-pisa-pibiri/PISA/build/CMakeFiles/CMakeTmp/CheckSymbolExists.cxx
/home/zabala/Documents/Back-up/UNLU/11-Decimo-primer-Cuatrimestre/Recuperacion-de-informacion/Proyecto-final-RI/Repo-pisa-pibiri/PISA/build/CMakeFiles/CMakeTmp/CheckSymbolExists.cxx: In function ‘int main(int, char**)’:
/home/zabala/Documents/Back-up/UNLU/11-Decimo-primer-Cuatrimestre/Recuperacion-de-informacion/Proyecto-final-RI/Repo-pisa-pibiri/PISA/build/CMakeFiles/CMakeTmp/CheckSymbolExists.cxx:7:19: error: ‘_WIN32’ was not declared in this scope
    7 |   return ((int*)(&_WIN32))[argc];
      |                   ^~~~~~
make[1]: *** [CMakeFiles/cmTC_134cd.dir/build.make:66: CMakeFiles/cmTC_134cd.dir/CheckSymbolExists.cxx.o] Error 1
make[1]: Leaving directory '/home/zabala/Documents/Back-up/UNLU/11-Decimo-primer-Cuatrimestre/Recuperacion-de-informacion/Proyecto-final-RI/Repo-pisa-pibiri/PISA/build/CMakeFiles/CMakeTmp'
make: *** [Makefile:121: cmTC_134cd/fast] Error 2


File /home/zabala/Documents/Back-up/UNLU/11-Decimo-primer-Cuatrimestre/Recuperacion-de-informacion/Proyecto-final-RI/Repo-pisa-pibiri/PISA/build/CMakeFiles/CMakeTmp/CheckSymbolExists.cxx:
/* */

int main(int argc, char** argv)
{
  (void)argv;
#ifndef _WIN32
  return ((int*)(&_WIN32))[argc];
#else
  (void)argc;
  return 0;
#endif
}
Determining if the __APPLE__ exist failed with the following output:
Change Dir: /home/zabala/Documents/Back-up/UNLU/11-Decimo-primer-Cuatrimestre/Recuperacion-de-informacion/Proyecto-final-RI/Repo-pisa-pibiri/PISA/build/CMakeFiles/CMakeTmp

Run Build Command(s):/usr/bin/make cmTC_9f9c1/fast && /usr/bin/make -f CMakeFiles/cmTC_9f9c1.dir/build.make CMakeFiles/cmTC_9f9c1.dir/build
make[1]: Entering directory '/home/zabala/Documents/Back-up/UNLU/11-Decimo-primer-Cuatrimestre/Recuperacion-de-informacion/Proyecto-final-RI/Repo-pisa-pibiri/PISA/build/CMakeFiles/CMakeTmp'
Building CXX object CMakeFiles/cmTC_9f9c1.dir/CheckSymbolExists.cxx.o
/usr/bin/c++    -fopenmp    -o CMakeFiles/cmTC_9f9c1.dir/CheckSymbolExists.cxx.o -c /home/zabala/Documents/Back-up/UNLU/11-Decimo-primer-Cuatrimestre/Recuperacion-de-informacion/Proyecto-final-RI/Repo-pisa-pibiri/PISA/build/CMakeFiles/CMakeTmp/CheckSymbolExists.cxx
/home/zabala/Documents/Back-up/UNLU/11-Decimo-primer-Cuatrimestre/Recuperacion-de-informacion/Proyecto-final-RI/Repo-pisa-pibiri/PISA/build/CMakeFiles/CMakeTmp/CheckSymbolExists.cxx: In function ‘int main(int, char**)’:
/home/zabala/Documents/Back-up/UNLU/11-Decimo-primer-Cuatrimestre/Recuperacion-de-informacion/Proyecto-final-RI/Repo-pisa-pibiri/PISA/build/CMakeFiles/CMakeTmp/CheckSymbolExists.cxx:7:19: error: ‘__APPLE__’ was not declared in this scope; did you mean ‘__FILE__’?
    7 |   return ((int*)(&__APPLE__))[argc];
      |                   ^~~~~~~~~
      |                   __FILE__
make[1]: *** [CMakeFiles/cmTC_9f9c1.dir/build.make:66: CMakeFiles/cmTC_9f9c1.dir/CheckSymbolExists.cxx.o] Error 1
make[1]: Leaving directory '/home/zabala/Documents/Back-up/UNLU/11-Decimo-primer-Cuatrimestre/Recuperacion-de-informacion/Proyecto-final-RI/Repo-pisa-pibiri/PISA/build/CMakeFiles/CMakeTmp'
make: *** [Makefile:121: cmTC_9f9c1/fast] Error 2


File /home/zabala/Documents/Back-up/UNLU/11-Decimo-primer-Cuatrimestre/Recuperacion-de-informacion/Proyecto-final-RI/Repo-pisa-pibiri/PISA/build/CMakeFiles/CMakeTmp/CheckSymbolExists.cxx:
/* */

int main(int argc, char** argv)
{
  (void)argv;
#ifndef __APPLE__
  return ((int*)(&__APPLE__))[argc];
#else
  (void)argc;
  return 0;
#endif
}
Determining if the __ANDROID__ exist failed with the following output:
Change Dir: /home/zabala/Documents/Back-up/UNLU/11-Decimo-primer-Cuatrimestre/Recuperacion-de-informacion/Proyecto-final-RI/Repo-pisa-pibiri/PISA/build/CMakeFiles/CMakeTmp

Run Build Command(s):/usr/bin/make cmTC_404f1/fast && /usr/bin/make -f CMakeFiles/cmTC_404f1.dir/build.make CMakeFiles/cmTC_404f1.dir/build
make[1]: Entering directory '/home/zabala/Documents/Back-up/UNLU/11-Decimo-primer-Cuatrimestre/Recuperacion-de-informacion/Proyecto-final-RI/Repo-pisa-pibiri/PISA/build/CMakeFiles/CMakeTmp'
Building CXX object CMakeFiles/cmTC_404f1.dir/CheckSymbolExists.cxx.o
/usr/bin/c++    -fopenmp    -o CMakeFiles/cmTC_404f1.dir/CheckSymbolExists.cxx.o -c /home/zabala/Documents/Back-up/UNLU/11-Decimo-primer-Cuatrimestre/Recuperacion-de-informacion/Proyecto-final-RI/Repo-pisa-pibiri/PISA/build/CMakeFiles/CMakeTmp/CheckSymbolExists.cxx
/home/zabala/Documents/Back-up/UNLU/11-Decimo-primer-Cuatrimestre/Recuperacion-de-informacion/Proyecto-final-RI/Repo-pisa-pibiri/PISA/build/CMakeFiles/CMakeTmp/CheckSymbolExists.cxx: In function ‘int main(int, char**)’:
/home/zabala/Documents/Back-up/UNLU/11-Decimo-primer-Cuatrimestre/Recuperacion-de-informacion/Proyecto-final-RI/Repo-pisa-pibiri/PISA/build/CMakeFiles/CMakeTmp/CheckSymbolExists.cxx:7:19: error: ‘__ANDROID__’ was not declared in this scope
    7 |   return ((int*)(&__ANDROID__))[argc];
      |                   ^~~~~~~~~~~
make[1]: *** [CMakeFiles/cmTC_404f1.dir/build.make:66: CMakeFiles/cmTC_404f1.dir/CheckSymbolExists.cxx.o] Error 1
make[1]: Leaving directory '/home/zabala/Documents/Back-up/UNLU/11-Decimo-primer-Cuatrimestre/Recuperacion-de-informacion/Proyecto-final-RI/Repo-pisa-pibiri/PISA/build/CMakeFiles/CMakeTmp'
make: *** [Makefile:121: cmTC_404f1/fast] Error 2


File /home/zabala/Documents/Back-up/UNLU/11-Decimo-primer-Cuatrimestre/Recuperacion-de-informacion/Proyecto-final-RI/Repo-pisa-pibiri/PISA/build/CMakeFiles/CMakeTmp/CheckSymbolExists.cxx:
/* */

int main(int argc, char** argv)
{
  (void)argv;
#ifndef __ANDROID__
  return ((int*)(&__ANDROID__))[argc];
#else
  (void)argc;
  return 0;
#endif
}
Determining if the __FreeBSD__ exist failed with the following output:
Change Dir: /home/zabala/Documents/Back-up/UNLU/11-Decimo-primer-Cuatrimestre/Recuperacion-de-informacion/Proyecto-final-RI/Repo-pisa-pibiri/PISA/build/CMakeFiles/CMakeTmp

Run Build Command(s):/usr/bin/make cmTC_901c1/fast && /usr/bin/make -f CMakeFiles/cmTC_901c1.dir/build.make CMakeFiles/cmTC_901c1.dir/build
make[1]: Entering directory '/home/zabala/Documents/Back-up/UNLU/11-Decimo-primer-Cuatrimestre/Recuperacion-de-informacion/Proyecto-final-RI/Repo-pisa-pibiri/PISA/build/CMakeFiles/CMakeTmp'
Building CXX object CMakeFiles/cmTC_901c1.dir/CheckSymbolExists.cxx.o
/usr/bin/c++    -fopenmp    -o CMakeFiles/cmTC_901c1.dir/CheckSymbolExists.cxx.o -c /home/zabala/Documents/Back-up/UNLU/11-Decimo-primer-Cuatrimestre/Recuperacion-de-informacion/Proyecto-final-RI/Repo-pisa-pibiri/PISA/build/CMakeFiles/CMakeTmp/CheckSymbolExists.cxx
/home/zabala/Documents/Back-up/UNLU/11-Decimo-primer-Cuatrimestre/Recuperacion-de-informacion/Proyecto-final-RI/Repo-pisa-pibiri/PISA/build/CMakeFiles/CMakeTmp/CheckSymbolExists.cxx: In function ‘int main(int, char**)’:
/home/zabala/Documents/Back-up/UNLU/11-Decimo-primer-Cuatrimestre/Recuperacion-de-informacion/Proyecto-final-RI/Repo-pisa-pibiri/PISA/build/CMakeFiles/CMakeTmp/CheckSymbolExists.cxx:7:19: error: ‘__FreeBSD__’ was not declared in this scope
    7 |   return ((int*)(&__FreeBSD__))[argc];
      |                   ^~~~~~~~~~~
make[1]: *** [CMakeFiles/cmTC_901c1.dir/build.make:66: CMakeFiles/cmTC_901c1.dir/CheckSymbolExists.cxx.o] Error 1
make[1]: Leaving directory '/home/zabala/Documents/Back-up/UNLU/11-Decimo-primer-Cuatrimestre/Recuperacion-de-informacion/Proyecto-final-RI/Repo-pisa-pibiri/PISA/build/CMakeFiles/CMakeTmp'
make: *** [Makefile:121: cmTC_901c1/fast] Error 2


File /home/zabala/Documents/Back-up/UNLU/11-Decimo-primer-Cuatrimestre/Recuperacion-de-informacion/Proyecto-final-RI/Repo-pisa-pibiri/PISA/build/CMakeFiles/CMakeTmp/CheckSymbolExists.cxx:
/* */

int main(int argc, char** argv)
{
  (void)argv;
#ifndef __FreeBSD__
  return ((int*)(&__FreeBSD__))[argc];
#else
  (void)argc;
  return 0;
#endif
}
Performing C++ SOURCE FILE Test RANGES_HAS_FMACRO_BACKTRACE_LIMIT failed with the following output:
Change Dir: /home/zabala/Documents/Back-up/UNLU/11-Decimo-primer-Cuatrimestre/Recuperacion-de-informacion/Proyecto-final-RI/Repo-pisa-pibiri/PISA/build/CMakeFiles/CMakeTmp

Run Build Command(s):/usr/bin/make cmTC_87da1/fast && /usr/bin/make -f CMakeFiles/cmTC_87da1.dir/build.make CMakeFiles/cmTC_87da1.dir/build
make[1]: Entering directory '/home/zabala/Documents/Back-up/UNLU/11-Decimo-primer-Cuatrimestre/Recuperacion-de-informacion/Proyecto-final-RI/Repo-pisa-pibiri/PISA/build/CMakeFiles/CMakeTmp'
Building CXX object CMakeFiles/cmTC_87da1.dir/src.cxx.o
/usr/bin/c++    -fopenmp -DRANGES_HAS_FMACRO_BACKTRACE_LIMIT   -fmacro-backtrace-limit=1 -o CMakeFiles/cmTC_87da1.dir/src.cxx.o -c /home/zabala/Documents/Back-up/UNLU/11-Decimo-primer-Cuatrimestre/Recuperacion-de-informacion/Proyecto-final-RI/Repo-pisa-pibiri/PISA/build/CMakeFiles/CMakeTmp/src.cxx
c++: error: unrecognized command line option '-fmacro-backtrace-limit=1'; did you mean '-ftemplate-backtrace-limit='?
make[1]: *** [CMakeFiles/cmTC_87da1.dir/build.make:66: CMakeFiles/cmTC_87da1.dir/src.cxx.o] Error 1
make[1]: Leaving directory '/home/zabala/Documents/Back-up/UNLU/11-Decimo-primer-Cuatrimestre/Recuperacion-de-informacion/Proyecto-final-RI/Repo-pisa-pibiri/PISA/build/CMakeFiles/CMakeTmp'
make: *** [Makefile:121: cmTC_87da1/fast] Error 2


Source file was:
int main() { return 0; }
Performing C++ SOURCE FILE Test RANGE_V3_ALIGNED_NEW_PROBE failed with the following output:
Change Dir: /home/zabala/Documents/Back-up/UNLU/11-Decimo-primer-Cuatrimestre/Recuperacion-de-informacion/Proyecto-final-RI/Repo-pisa-pibiri/PISA/build/CMakeFiles/CMakeTmp

Run Build Command(s):/usr/bin/make cmTC_70c59/fast && /usr/bin/make -f CMakeFiles/cmTC_70c59.dir/build.make CMakeFiles/cmTC_70c59.dir/build
make[1]: Entering directory '/home/zabala/Documents/Back-up/UNLU/11-Decimo-primer-Cuatrimestre/Recuperacion-de-informacion/Proyecto-final-RI/Repo-pisa-pibiri/PISA/build/CMakeFiles/CMakeTmp'
Building CXX object CMakeFiles/cmTC_70c59.dir/src.cxx.o
/usr/bin/c++    -fopenmp -DRANGE_V3_ALIGNED_NEW_PROBE -std=c++14   -o CMakeFiles/cmTC_70c59.dir/src.cxx.o -c /home/zabala/Documents/Back-up/UNLU/11-Decimo-primer-Cuatrimestre/Recuperacion-de-informacion/Proyecto-final-RI/Repo-pisa-pibiri/PISA/build/CMakeFiles/CMakeTmp/src.cxx
/home/zabala/Documents/Back-up/UNLU/11-Decimo-primer-Cuatrimestre/Recuperacion-de-informacion/Proyecto-final-RI/Repo-pisa-pibiri/PISA/build/CMakeFiles/CMakeTmp/src.cxx: In function ‘int main()’:
/home/zabala/Documents/Back-up/UNLU/11-Decimo-primer-Cuatrimestre/Recuperacion-de-informacion/Proyecto-final-RI/Repo-pisa-pibiri/PISA/build/CMakeFiles/CMakeTmp/src.cxx:4:20: error: ‘__STDCPP_DEFAULT_NEW_ALIGNMENT__’ was not declared in this scope
    4 |     struct alignas(__STDCPP_DEFAULT_NEW_ALIGNMENT__ * 4) S {};
      |                    ^~~~~~~~~~~~~~~~~~~~~~~~~~~~~~~~
/home/zabala/Documents/Back-up/UNLU/11-Decimo-primer-Cuatrimestre/Recuperacion-de-informacion/Proyecto-final-RI/Repo-pisa-pibiri/PISA/build/CMakeFiles/CMakeTmp/src.cxx:4:5: error: expected primary-expression before ‘struct’
    4 |     struct alignas(__STDCPP_DEFAULT_NEW_ALIGNMENT__ * 4) S {};
      |     ^~~~~~
/home/zabala/Documents/Back-up/UNLU/11-Decimo-primer-Cuatrimestre/Recuperacion-de-informacion/Proyecto-final-RI/Repo-pisa-pibiri/PISA/build/CMakeFiles/CMakeTmp/src.cxx:5:34: error: ‘S’ was not declared in this scope
    5 |     (void) ::operator new(sizeof(S), static_cast<std::align_val_t>(alignof(S)));
      |                                  ^
/home/zabala/Documents/Back-up/UNLU/11-Decimo-primer-Cuatrimestre/Recuperacion-de-informacion/Proyecto-final-RI/Repo-pisa-pibiri/PISA/build/CMakeFiles/CMakeTmp/src.cxx:5:55: error: ‘align_val_t’ in namespace ‘std’ does not name a type
    5 |     (void) ::operator new(sizeof(S), static_cast<std::align_val_t>(alignof(S)));
      |                                                       ^~~~~~~~~~~
make[1]: *** [CMakeFiles/cmTC_70c59.dir/build.make:66: CMakeFiles/cmTC_70c59.dir/src.cxx.o] Error 1
make[1]: Leaving directory '/home/zabala/Documents/Back-up/UNLU/11-Decimo-primer-Cuatrimestre/Recuperacion-de-informacion/Proyecto-final-RI/Repo-pisa-pibiri/PISA/build/CMakeFiles/CMakeTmp'
make: *** [Makefile:121: cmTC_70c59/fast] Error 2


Source file was:
#include <new>

int main() {
    struct alignas(__STDCPP_DEFAULT_NEW_ALIGNMENT__ * 4) S {};
    (void) ::operator new(sizeof(S), static_cast<std::align_val_t>(alignof(S)));
}

